C:\DEV\RTFS6SVNSNDBOX\RTFSPROJECTS\MSVC.NET\RTFSDEMOPROFAILSAFE\DEBUG\APICKDSK.OBJ
C:\DEV\RTFS6SVNSNDBOX\RTFSPROJECTS\MSVC.NET\RTFSDEMOPROFAILSAFE\DEBUG\APICNFIG.OBJ
C:\DEV\RTFS6SVNSNDBOX\RTFSPROJECTS\MSVC.NET\RTFSDEMOPROFAILSAFE\DEBUG\APIDELTR.OBJ
C:\DEV\RTFS6SVNSNDBOX\RTFSPROJECTS\MSVC.NET\RTFSDEMOPROFAILSAFE\DEBUG\APIDIRENT.OBJ
C:\DEV\RTFS6SVNSNDBOX\RTFSPROJECTS\MSVC.NET\RTFSDEMOPROFAILSAFE\DEBUG\APIDISKCLOSE.OBJ
C:\DEV\RTFS6SVNSNDBOX\RTFSPROJECTS\MSVC.NET\RTFSDEMOPROFAILSAFE\DEBUG\APIDISKFLUSH.OBJ
C:\DEV\RTFS6SVNSNDBOX\RTFSPROJECTS\MSVC.NET\RTFSDEMOPROFAILSAFE\DEBUG\APIDISKINFORD.OBJ
C:\DEV\RTFS6SVNSNDBOX\RTFSPROJECTS\MSVC.NET\RTFSDEMOPROFAILSAFE\DEBUG\APIENUM.OBJ
C:\DEV\RTFS6SVNSNDBOX\RTFSPROJECTS\MSVC.NET\RTFSDEMOPROFAILSAFE\DEBUG\APIFILMV.OBJ
C:\DEV\RTFS6SVNSNDBOX\RTFSPROJECTS\MSVC.NET\RTFSDEMOPROFAILSAFE\DEBUG\APIFRMAT.OBJ
C:\DEV\RTFS6SVNSNDBOX\RTFSPROJECTS\MSVC.NET\RTFSDEMOPROFAILSAFE\DEBUG\APIGETWD.OBJ
C:\DEV\RTFS6SVNSNDBOX\RTFSPROJECTS\MSVC.NET\RTFSDEMOPROFAILSAFE\DEBUG\APIGFRST.OBJ
C:\DEV\RTFS6SVNSNDBOX\RTFSPROJECTS\MSVC.NET\RTFSDEMOPROFAILSAFE\DEBUG\APIGREAD.OBJ
C:\DEV\RTFS6SVNSNDBOX\RTFSPROJECTS\MSVC.NET\RTFSDEMOPROFAILSAFE\DEBUG\APIINFO.OBJ
C:\DEV\RTFS6SVNSNDBOX\RTFSPROJECTS\MSVC.NET\RTFSDEMOPROFAILSAFE\DEBUG\APIINIT.OBJ
C:\DEV\RTFS6SVNSNDBOX\RTFSPROJECTS\MSVC.NET\RTFSDEMOPROFAILSAFE\DEBUG\APIINITV10.OBJ
C:\DEV\RTFS6SVNSNDBOX\RTFSPROJECTS\MSVC.NET\RTFSDEMOPROFAILSAFE\DEBUG\APIMKDIR.OBJ
C:\DEV\RTFS6SVNSNDBOX\RTFSPROJECTS\MSVC.NET\RTFSDEMOPROFAILSAFE\DEBUG\APINANDREGRESS.OBJ
C:\DEV\RTFS6SVNSNDBOX\RTFSPROJECTS\MSVC.NET\RTFSDEMOPROFAILSAFE\DEBUG\APIPARTITION.OBJ
C:\DEV\RTFS6SVNSNDBOX\RTFSPROJECTS\MSVC.NET\RTFSDEMOPROFAILSAFE\DEBUG\APIREGRS.OBJ
C:\DEV\RTFS6SVNSNDBOX\RTFSPROJECTS\MSVC.NET\RTFSDEMOPROFAILSAFE\DEBUG\APIRUN.OBJ
C:\DEV\RTFS6SVNSNDBOX\RTFSPROJECTS\MSVC.NET\RTFSDEMOPROFAILSAFE\DEBUG\APISETATTR.OBJ
C:\DEV\RTFS6SVNSNDBOX\RTFSPROJECTS\MSVC.NET\RTFSDEMOPROFAILSAFE\DEBUG\APISETVOL.OBJ
C:\DEV\RTFS6SVNSNDBOX\RTFSPROJECTS\MSVC.NET\RTFSDEMOPROFAILSAFE\DEBUG\APISETWD.OBJ
C:\DEV\RTFS6SVNSNDBOX\RTFSPROJECTS\MSVC.NET\RTFSDEMOPROFAILSAFE\DEBUG\APISTAT.OBJ
C:\DEV\RTFS6SVNSNDBOX\RTFSPROJECTS\MSVC.NET\RTFSDEMOPROFAILSAFE\DEBUG\APIUNLINK.OBJ
C:\DEV\RTFS6SVNSNDBOX\RTFSPROJECTS\MSVC.NET\RTFSDEMOPROFAILSAFE\DEBUG\APP.RES
C:\DEV\RTFS6SVNSNDBOX\RTFSPROJECTS\MSVC.NET\RTFSDEMOPROFAILSAFE\DEBUG\APPCMDFS.OBJ
C:\DEV\RTFS6SVNSNDBOX\RTFSPROJECTS\MSVC.NET\RTFSDEMOPROFAILSAFE\DEBUG\APPCMDSHFORMAT.OBJ
C:\DEV\RTFS6SVNSNDBOX\RTFSPROJECTS\MSVC.NET\RTFSDEMOPROFAILSAFE\DEBUG\APPCMDSHRD.OBJ
C:\DEV\RTFS6SVNSNDBOX\RTFSPROJECTS\MSVC.NET\RTFSDEMOPROFAILSAFE\DEBUG\APPCMDSHWR.OBJ
C:\DEV\RTFS6SVNSNDBOX\RTFSPROJECTS\MSVC.NET\RTFSDEMOPROFAILSAFE\DEBUG\APPUTIL.OBJ
C:\dev\rtfs6svnsndbox\rtfsprojects\msvc.net\rtfsdemoprofailsafe\Debug\cl.command.1.tlog
C:\dev\rtfs6svnsndbox\rtfsprojects\msvc.net\rtfsdemoprofailsafe\Debug\CL.read.1.tlog
C:\dev\rtfs6svnsndbox\rtfsprojects\msvc.net\rtfsdemoprofailsafe\Debug\CL.write.1.tlog
C:\DEV\RTFS6SVNSNDBOX\RTFSPROJECTS\MSVC.NET\RTFSDEMOPROFAILSAFE\DEBUG\CSASCIIRD.OBJ
C:\DEV\RTFS6SVNSNDBOX\RTFSPROJECTS\MSVC.NET\RTFSDEMOPROFAILSAFE\DEBUG\CSASCIIWR.OBJ
C:\DEV\RTFS6SVNSNDBOX\RTFSPROJECTS\MSVC.NET\RTFSDEMOPROFAILSAFE\DEBUG\CSCOMMON.OBJ
C:\DEV\RTFS6SVNSNDBOX\RTFSPROJECTS\MSVC.NET\RTFSDEMOPROFAILSAFE\DEBUG\CSJISRD.OBJ
C:\DEV\RTFS6SVNSNDBOX\RTFSPROJECTS\MSVC.NET\RTFSDEMOPROFAILSAFE\DEBUG\CSJISTAB.OBJ
C:\DEV\RTFS6SVNSNDBOX\RTFSPROJECTS\MSVC.NET\RTFSDEMOPROFAILSAFE\DEBUG\CSJISWR.OBJ
C:\DEV\RTFS6SVNSNDBOX\RTFSPROJECTS\MSVC.NET\RTFSDEMOPROFAILSAFE\DEBUG\CSSTRTAB.OBJ
C:\DEV\RTFS6SVNSNDBOX\RTFSPROJECTS\MSVC.NET\RTFSDEMOPROFAILSAFE\DEBUG\CSUNICODRD.OBJ
C:\DEV\RTFS6SVNSNDBOX\RTFSPROJECTS\MSVC.NET\RTFSDEMOPROFAILSAFE\DEBUG\CSUNICODWR.OBJ
C:\DEV\RTFS6SVNSNDBOX\RTFSPROJECTS\MSVC.NET\RTFSDEMOPROFAILSAFE\DEBUG\DRDYNAMIC.OBJ
C:\DEV\RTFS6SVNSNDBOX\RTFSPROJECTS\MSVC.NET\RTFSDEMOPROFAILSAFE\DEBUG\DRFLOPPY.OBJ
C:\DEV\RTFS6SVNSNDBOX\RTFSPROJECTS\MSVC.NET\RTFSDEMOPROFAILSAFE\DEBUG\DRFLSFTL.OBJ
C:\DEV\RTFS6SVNSNDBOX\RTFSPROJECTS\MSVC.NET\RTFSDEMOPROFAILSAFE\DEBUG\DRFLSMTD.OBJ
C:\DEV\RTFS6SVNSNDBOX\RTFSPROJECTS\MSVC.NET\RTFSDEMOPROFAILSAFE\DEBUG\DRHOSTDSK.OBJ
C:\DEV\RTFS6SVNSNDBOX\RTFSPROJECTS\MSVC.NET\RTFSDEMOPROFAILSAFE\DEBUG\DRIDEATA.OBJ
C:\DEV\RTFS6SVNSNDBOX\RTFSPROJECTS\MSVC.NET\RTFSDEMOPROFAILSAFE\DEBUG\DRMMCCRD.OBJ
C:\DEV\RTFS6SVNSNDBOX\RTFSPROJECTS\MSVC.NET\RTFSDEMOPROFAILSAFE\DEBUG\DRPCMCIA.OBJ
C:\DEV\RTFS6SVNSNDBOX\RTFSPROJECTS\MSVC.NET\RTFSDEMOPROFAILSAFE\DEBUG\DRPCMCTL.OBJ
C:\DEV\RTFS6SVNSNDBOX\RTFSPROJECTS\MSVC.NET\RTFSDEMOPROFAILSAFE\DEBUG\DRPCMRAM.OBJ
C:\DEV\RTFS6SVNSNDBOX\RTFSPROJECTS\MSVC.NET\RTFSDEMOPROFAILSAFE\DEBUG\DRRAMDSK.OBJ
C:\DEV\RTFS6SVNSNDBOX\RTFSPROJECTS\MSVC.NET\RTFSDEMOPROFAILSAFE\DEBUG\DRROMDSK.OBJ
C:\DEV\RTFS6SVNSNDBOX\RTFSPROJECTS\MSVC.NET\RTFSDEMOPROFAILSAFE\DEBUG\DRWINDEV.OBJ
C:\dev\rtfs6svnsndbox\rtfsprojects\msvc.net\rtfsdemoprofailsafe\Debug\link.command.1.tlog
C:\dev\rtfs6svnsndbox\rtfsprojects\msvc.net\rtfsdemoprofailsafe\Debug\link.read.1.tlog
C:\dev\rtfs6svnsndbox\rtfsprojects\msvc.net\rtfsdemoprofailsafe\Debug\link.write.1.tlog
C:\dev\rtfs6svnsndbox\rtfsprojects\msvc.net\rtfsdemoprofailsafe\Debug\link-cvtres.read.1.tlog
C:\dev\rtfs6svnsndbox\rtfsprojects\msvc.net\rtfsdemoprofailsafe\Debug\link-cvtres.write.1.tlog
C:\dev\rtfs6svnsndbox\rtfsprojects\msvc.net\rtfsdemoprofailsafe\Debug\mt.command.1.tlog
C:\dev\rtfs6svnsndbox\rtfsprojects\msvc.net\rtfsdemoprofailsafe\Debug\mt.read.1.tlog
C:\dev\rtfs6svnsndbox\rtfsprojects\msvc.net\rtfsdemoprofailsafe\Debug\mt.write.1.tlog
C:\DEV\RTFS6SVNSNDBOX\RTFSPROJECTS\MSVC.NET\RTFSDEMOPROFAILSAFE\DEBUG\PORTIO.OBJ
C:\DEV\RTFS6SVNSNDBOX\RTFSPROJECTS\MSVC.NET\RTFSDEMOPROFAILSAFE\DEBUG\PORTKERN.OBJ
C:\DEV\RTFS6SVNSNDBOX\RTFSPROJECTS\MSVC.NET\RTFSDEMOPROFAILSAFE\DEBUG\PRBASICEMURD1.OBJ
C:\DEV\RTFS6SVNSNDBOX\RTFSPROJECTS\MSVC.NET\RTFSDEMOPROFAILSAFE\DEBUG\PRBASICEMUWR1.OBJ
C:\DEV\RTFS6SVNSNDBOX\RTFSPROJECTS\MSVC.NET\RTFSDEMOPROFAILSAFE\DEBUG\PRFSAPI.OBJ
C:\DEV\RTFS6SVNSNDBOX\RTFSPROJECTS\MSVC.NET\RTFSDEMOPROFAILSAFE\DEBUG\PRFSCB.OBJ
C:\DEV\RTFS6SVNSNDBOX\RTFSPROJECTS\MSVC.NET\RTFSDEMOPROFAILSAFE\DEBUG\PRFSJOURNAL.OBJ
C:\DEV\RTFS6SVNSNDBOX\RTFSPROJECTS\MSVC.NET\RTFSDEMOPROFAILSAFE\DEBUG\PRFSNVIO.OBJ
C:\DEV\RTFS6SVNSNDBOX\RTFSPROJECTS\MSVC.NET\RTFSDEMOPROFAILSAFE\DEBUG\PRFSRDSTAT.OBJ
C:\DEV\RTFS6SVNSNDBOX\RTFSPROJECTS\MSVC.NET\RTFSDEMOPROFAILSAFE\DEBUG\PRFSRESTORE.OBJ
C:\DEV\RTFS6SVNSNDBOX\RTFSPROJECTS\MSVC.NET\RTFSDEMOPROFAILSAFE\DEBUG\PRFSTEST.OBJ
C:\DEV\RTFS6SVNSNDBOX\RTFSPROJECTS\MSVC.NET\RTFSDEMOPROFAILSAFE\DEBUG\PRFSTRIO.OBJ
C:\DEV\RTFS6SVNSNDBOX\RTFSPROJECTS\MSVC.NET\RTFSDEMOPROFAILSAFE\DEBUG\PROTESTSRD.OBJ
C:\dev\rtfs6svnsndbox\rtfsprojects\msvc.net\rtfsdemoprofailsafe\Debug\rc.command.1.tlog
C:\dev\rtfs6svnsndbox\rtfsprojects\msvc.net\rtfsdemoprofailsafe\Debug\rc.read.1.tlog
C:\dev\rtfs6svnsndbox\rtfsprojects\msvc.net\rtfsdemoprofailsafe\Debug\rc.write.1.tlog
C:\DEV\RTFS6SVNSNDBOX\RTFSPROJECTS\MSVC.NET\RTFSDEMOPROFAILSAFE\DEBUG\RTDBLOCKRD.OBJ
C:\DEV\RTFS6SVNSNDBOX\RTFSPROJECTS\MSVC.NET\RTFSDEMOPROFAILSAFE\DEBUG\RTDBLOCKWR.OBJ
C:\DEV\RTFS6SVNSNDBOX\RTFSPROJECTS\MSVC.NET\RTFSDEMOPROFAILSAFE\DEBUG\RTDEVIORD.OBJ
C:\DEV\RTFS6SVNSNDBOX\RTFSPROJECTS\MSVC.NET\RTFSDEMOPROFAILSAFE\DEBUG\RTDEVIOWR.OBJ
C:\DEV\RTFS6SVNSNDBOX\RTFSPROJECTS\MSVC.NET\RTFSDEMOPROFAILSAFE\DEBUG\RTDROBJRD.OBJ
C:\DEV\RTFS6SVNSNDBOX\RTFSPROJECTS\MSVC.NET\RTFSDEMOPROFAILSAFE\DEBUG\RTDROBJWR.OBJ
C:\DEV\RTFS6SVNSNDBOX\RTFSPROJECTS\MSVC.NET\RTFSDEMOPROFAILSAFE\DEBUG\RTERASEBLOCK.OBJ
C:\DEV\RTFS6SVNSNDBOX\RTFSPROJECTS\MSVC.NET\RTFSDEMOPROFAILSAFE\DEBUG\RTFAT32RD.OBJ
C:\DEV\RTFS6SVNSNDBOX\RTFSPROJECTS\MSVC.NET\RTFSDEMOPROFAILSAFE\DEBUG\RTFAT32WR.OBJ
C:\DEV\RTFS6SVNSNDBOX\RTFSPROJECTS\MSVC.NET\RTFSDEMOPROFAILSAFE\DEBUG\RTFATDRVRD.OBJ
C:\DEV\RTFS6SVNSNDBOX\RTFSPROJECTS\MSVC.NET\RTFSDEMOPROFAILSAFE\DEBUG\RTFATDRVWR.OBJ
C:\DEV\RTFS6SVNSNDBOX\RTFSPROJECTS\MSVC.NET\RTFSDEMOPROFAILSAFE\DEBUG\RTFBLOCKRD.OBJ
C:\DEV\RTFS6SVNSNDBOX\RTFSPROJECTS\MSVC.NET\RTFSDEMOPROFAILSAFE\DEBUG\RTFBLOCKWR.OBJ
C:\DEV\RTFS6SVNSNDBOX\RTFSPROJECTS\MSVC.NET\RTFSDEMOPROFAILSAFE\DEBUG\RTFILEBUFFER.OBJ
C:\DEV\RTFS6SVNSNDBOX\RTFSPROJECTS\MSVC.NET\RTFSDEMOPROFAILSAFE\DEBUG\RTFRAGMTRD.OBJ
C:\DEV\RTFS6SVNSNDBOX\RTFSPROJECTS\MSVC.NET\RTFSDEMOPROFAILSAFE\DEBUG\RTFRAGMTWR.OBJ
C:\DEV\RTFS6SVNSNDBOX\RTFSPROJECTS\MSVC.NET\RTFSDEMOPROFAILSAFE\DEBUG\RTFREEMANAGER.OBJ
C:\DEV\RTFS6SVNSNDBOX\RTFSPROJECTS\MSVC.NET\RTFSDEMOPROFAILSAFE\DEBUG\RTFSBASICRD.OBJ
C:\DEV\RTFS6SVNSNDBOX\RTFSPROJECTS\MSVC.NET\RTFSDEMOPROFAILSAFE\DEBUG\RTFSBASICWR.OBJ
C:\DEV\RTFS6SVNSNDBOX\RTFSPROJECTS\MSVC.NET\RTFSDEMOPROFAILSAFE\DEBUG\RTFSCALLBACKS.OBJ
C:\DEV\RTFS6SVNSNDBOX\RTFSPROJECTS\MSVC.NET\RTFSDEMOPROFAILSAFE\DEBUG\RTFSCONFIG.OBJ
C:\DEV\RTFS6SVNSNDBOX\RTFSPROJECTS\MSVC.NET\RTFSDEMOPROFAILSAFE\DEBUG\RTFSDEMO.EXE
C:\DEV\RTFS6SVNSNDBOX\RTFSPROJECTS\MSVC.NET\RTFSDEMOPROFAILSAFE\DEBUG\RTFSDEMO.EXE.INTERMEDIATE.MANIFEST
C:\DEV\RTFS6SVNSNDBOX\RTFSPROJECTS\MSVC.NET\RTFSDEMOPROFAILSAFE\DEBUG\RTFSDEMO.OBJ
C:\DEV\RTFS6SVNSNDBOX\RTFSPROJECTS\MSVC.NET\RTFSDEMOPROFAILSAFE\DEBUG\RTFSDEMO.PDB
C:\dev\rtfs6svnsndbox\rtfsprojects\msvc.net\rtfsdemoprofailsafe\Debug\rtfsdemo.write.1.tlog
C:\DEV\RTFS6SVNSNDBOX\RTFSPROJECTS\MSVC.NET\RTFSDEMOPROFAILSAFE\DEBUG\RTFSGLUERD.OBJ
C:\DEV\RTFS6SVNSNDBOX\RTFSPROJECTS\MSVC.NET\RTFSDEMOPROFAILSAFE\DEBUG\RTFSGLUEWR.OBJ
C:\DEV\RTFS6SVNSNDBOX\RTFSPROJECTS\MSVC.NET\RTFSDEMOPROFAILSAFE\DEBUG\RTKERNFN.OBJ
C:\DEV\RTFS6SVNSNDBOX\RTFSPROJECTS\MSVC.NET\RTFSDEMOPROFAILSAFE\DEBUG\RTLEAKCHECK.OBJ
C:\DEV\RTFS6SVNSNDBOX\RTFSPROJECTS\MSVC.NET\RTFSDEMOPROFAILSAFE\DEBUG\RTLOWL.OBJ
C:\DEV\RTFS6SVNSNDBOX\RTFSPROJECTS\MSVC.NET\RTFSDEMOPROFAILSAFE\DEBUG\RTNVFATRD.OBJ
C:\DEV\RTFS6SVNSNDBOX\RTFSPROJECTS\MSVC.NET\RTFSDEMOPROFAILSAFE\DEBUG\RTNVFATWR.OBJ
C:\DEV\RTFS6SVNSNDBOX\RTFSPROJECTS\MSVC.NET\RTFSDEMOPROFAILSAFE\DEBUG\RTTERMIN.OBJ
C:\DEV\RTFS6SVNSNDBOX\RTFSPROJECTS\MSVC.NET\RTFSDEMOPROFAILSAFE\DEBUG\RTUTBYTE.OBJ
C:\DEV\RTFS6SVNSNDBOX\RTFSPROJECTS\MSVC.NET\RTFSDEMOPROFAILSAFE\DEBUG\RTUTIL.OBJ
C:\DEV\RTFS6SVNSNDBOX\RTFSPROJECTS\MSVC.NET\RTFSDEMOPROFAILSAFE\DEBUG\RTVFATRD.OBJ
C:\DEV\RTFS6SVNSNDBOX\RTFSPROJECTS\MSVC.NET\RTFSDEMOPROFAILSAFE\DEBUG\RTVFATWR.OBJ
C:\DEV\RTFS6SVNSNDBOX\RTFSPROJECTS\MSVC.NET\RTFSDEMOPROFAILSAFE\DEBUG\RUNRTFSDEMO.OBJ
C:\DEV\RTFS6SVNSNDBOX\RTFSPROJECTS\MSVC.NET\RTFSDEMOPROFAILSAFE\DEBUG\SMARTAPI.OBJ
C:\DEV\RTFS6SVNSNDBOX\RTFSPROJECTS\MSVC.NET\RTFSDEMOPROFAILSAFE\DEBUG\SMARTECC.OBJ
C:\DEV\RTFS6SVNSNDBOX\RTFSPROJECTS\MSVC.NET\RTFSDEMOPROFAILSAFE\DEBUG\SMARTHW.OBJ
C:\DEV\RTFS6SVNSNDBOX\RTFSPROJECTS\MSVC.NET\RTFSDEMOPROFAILSAFE\DEBUG\SMARTMED.OBJ
C:\DEV\RTFS6SVNSNDBOX\RTFSPROJECTS\MSVC.NET\RTFSDEMOPROFAILSAFE\DEBUG\SMTMEDIA.OBJ
C:\DEV\RTFS6SVNSNDBOX\RTFSPROJECTS\MSVC.NET\RTFSDEMOPROFAILSAFE\DEBUG\STDAFX.OBJ
C:\DEV\RTFS6SVNSNDBOX\RTFSPROJECTS\MSVC.NET\RTFSDEMOPROFAILSAFE\DEBUG\V10GLUE.OBJ
C:\dev\rtfs6svnsndbox\rtfsprojects\msvc.net\rtfsdemoprofailsafe\Debug\vc100.idb
C:\DEV\RTFS6SVNSNDBOX\RTFSPROJECTS\MSVC.NET\RTFSDEMOPROFAILSAFE\DEBUG\VC100.PDB
C:\DEV\RTFS6SVNSNDBOX\RTFSPROJECTS\MSVC.NET\RTFSDEMOPROFAILSAFE\MAPFILE.MAP
C:\PROGRAMDATA\BROWSERPROTECT\2.6.1519.190\{C16C1CCB-7046-4E5C-A2F3-533AD2FEC8E8}\BROWSERPROTECT.SETTINGS
C:\PROGRAMDATA\BROWSERPROTECT\2.6.1519.190\{C16C1CCB-7046-4E5C-A2F3-533AD2FEC8E8}\TRAKING_SETTINGS\00
C:\PROGRAMDATA\BROWSERPROTECT\2.6.1519.190\{C16C1CCB-7046-4E5C-A2F3-533AD2FEC8E8}\TRAKING_SETTINGS\01
C:\PROGRAMDATA\BROWSERPROTECT\2.6.1519.190\{C16C1CCB-7046-4E5C-A2F3-533AD2FEC8E8}\TRAKING_SETTINGS\02
C:\PROGRAMDATA\BROWSERPROTECT\2.6.1519.190\{C16C1CCB-7046-4E5C-A2F3-533AD2FEC8E8}\TRAKING_SETTINGS\03
C:\PROGRAMDATA\BROWSERPROTECT\2.6.1519.190\{C16C1CCB-7046-4E5C-A2F3-533AD2FEC8E8}\TRAKING_SETTINGS\10
C:\PROGRAMDATA\BROWSERPROTECT\2.6.1519.190\{C16C1CCB-7046-4E5C-A2F3-533AD2FEC8E8}\TRAKING_SETTINGS\11
C:\PROGRAMDATA\BROWSERPROTECT\2.6.1519.190\{C16C1CCB-7046-4E5C-A2F3-533AD2FEC8E8}\TRAKING_SETTINGS\12
C:\PROGRAMDATA\BROWSERPROTECT\2.6.1519.190\{C16C1CCB-7046-4E5C-A2F3-533AD2FEC8E8}\TRAKING_SETTINGS\13
C:\PROGRAMDATA\BROWSERPROTECT\2.6.1519.190\{C16C1CCB-7046-4E5C-A2F3-533AD2FEC8E8}\TRAKING_SETTINGS\20
C:\PROGRAMDATA\BROWSERPROTECT\2.6.1519.190\{C16C1CCB-7046-4E5C-A2F3-533AD2FEC8E8}\TRAKING_SETTINGS\21
C:\PROGRAMDATA\BROWSERPROTECT\2.6.1519.190\{C16C1CCB-7046-4E5C-A2F3-533AD2FEC8E8}\TRAKING_SETTINGS\22
C:\PROGRAMDATA\BROWSERPROTECT\2.6.1519.190\{C16C1CCB-7046-4E5C-A2F3-533AD2FEC8E8}\TRAKING_SETTINGS\23
