C:\DEV\RTFS6SVNSNDBOX\RTFSPROJECTS\MSVC.NET\RTFSDEMOPRO\DEBUG\APICKDSK.OBJ
C:\DEV\RTFS6SVNSNDBOX\RTFSPROJECTS\MSVC.NET\RTFSDEMOPRO\DEBUG\APICNFIG.OBJ
C:\DEV\RTFS6SVNSNDBOX\RTFSPROJECTS\MSVC.NET\RTFSDEMOPRO\DEBUG\APIDELTR.OBJ
C:\DEV\RTFS6SVNSNDBOX\RTFSPROJECTS\MSVC.NET\RTFSDEMOPRO\DEBUG\APIDIRENT.OBJ
C:\DEV\RTFS6SVNSNDBOX\RTFSPROJECTS\MSVC.NET\RTFSDEMOPRO\DEBUG\APIDISKCLOSE.OBJ
C:\DEV\RTFS6SVNSNDBOX\RTFSPROJECTS\MSVC.NET\RTFSDEMOPRO\DEBUG\APIDISKFLUSH.OBJ
C:\DEV\RTFS6SVNSNDBOX\RTFSPROJECTS\MSVC.NET\RTFSDEMOPRO\DEBUG\APIDISKINFORD.OBJ
C:\DEV\RTFS6SVNSNDBOX\RTFSPROJECTS\MSVC.NET\RTFSDEMOPRO\DEBUG\APIENUM.OBJ
C:\DEV\RTFS6SVNSNDBOX\RTFSPROJECTS\MSVC.NET\RTFSDEMOPRO\DEBUG\APIFILMV.OBJ
C:\DEV\RTFS6SVNSNDBOX\RTFSPROJECTS\MSVC.NET\RTFSDEMOPRO\DEBUG\APIFRMAT.OBJ
C:\DEV\RTFS6SVNSNDBOX\RTFSPROJECTS\MSVC.NET\RTFSDEMOPRO\DEBUG\APIGETWD.OBJ
C:\DEV\RTFS6SVNSNDBOX\RTFSPROJECTS\MSVC.NET\RTFSDEMOPRO\DEBUG\APIGFRST.OBJ
C:\DEV\RTFS6SVNSNDBOX\RTFSPROJECTS\MSVC.NET\RTFSDEMOPRO\DEBUG\APIGREAD.OBJ
C:\DEV\RTFS6SVNSNDBOX\RTFSPROJECTS\MSVC.NET\RTFSDEMOPRO\DEBUG\APIINFO.OBJ
C:\DEV\RTFS6SVNSNDBOX\RTFSPROJECTS\MSVC.NET\RTFSDEMOPRO\DEBUG\APIINIT.OBJ
C:\DEV\RTFS6SVNSNDBOX\RTFSPROJECTS\MSVC.NET\RTFSDEMOPRO\DEBUG\APIINITV10.OBJ
C:\DEV\RTFS6SVNSNDBOX\RTFSPROJECTS\MSVC.NET\RTFSDEMOPRO\DEBUG\APIMKDIR.OBJ
C:\DEV\RTFS6SVNSNDBOX\RTFSPROJECTS\MSVC.NET\RTFSDEMOPRO\DEBUG\APINANDREGRESS.OBJ
C:\DEV\RTFS6SVNSNDBOX\RTFSPROJECTS\MSVC.NET\RTFSDEMOPRO\DEBUG\APIPARTITION.OBJ
C:\DEV\RTFS6SVNSNDBOX\RTFSPROJECTS\MSVC.NET\RTFSDEMOPRO\DEBUG\APIREGRS.OBJ
C:\DEV\RTFS6SVNSNDBOX\RTFSPROJECTS\MSVC.NET\RTFSDEMOPRO\DEBUG\APIRUN.OBJ
C:\DEV\RTFS6SVNSNDBOX\RTFSPROJECTS\MSVC.NET\RTFSDEMOPRO\DEBUG\APISETATTR.OBJ
C:\DEV\RTFS6SVNSNDBOX\RTFSPROJECTS\MSVC.NET\RTFSDEMOPRO\DEBUG\APISETVOL.OBJ
C:\DEV\RTFS6SVNSNDBOX\RTFSPROJECTS\MSVC.NET\RTFSDEMOPRO\DEBUG\APISETWD.OBJ
C:\DEV\RTFS6SVNSNDBOX\RTFSPROJECTS\MSVC.NET\RTFSDEMOPRO\DEBUG\APISTAT.OBJ
C:\DEV\RTFS6SVNSNDBOX\RTFSPROJECTS\MSVC.NET\RTFSDEMOPRO\DEBUG\APIUNLINK.OBJ
C:\DEV\RTFS6SVNSNDBOX\RTFSPROJECTS\MSVC.NET\RTFSDEMOPRO\DEBUG\APP.RES
C:\DEV\RTFS6SVNSNDBOX\RTFSPROJECTS\MSVC.NET\RTFSDEMOPRO\DEBUG\APPCMDFS.OBJ
C:\DEV\RTFS6SVNSNDBOX\RTFSPROJECTS\MSVC.NET\RTFSDEMOPRO\DEBUG\APPCMDSHFORMAT.OBJ
C:\DEV\RTFS6SVNSNDBOX\RTFSPROJECTS\MSVC.NET\RTFSDEMOPRO\DEBUG\APPCMDSHRD.OBJ
C:\DEV\RTFS6SVNSNDBOX\RTFSPROJECTS\MSVC.NET\RTFSDEMOPRO\DEBUG\APPCMDSHWR.OBJ
C:\DEV\RTFS6SVNSNDBOX\RTFSPROJECTS\MSVC.NET\RTFSDEMOPRO\DEBUG\APPUTIL.OBJ
C:\dev\rtfs6svnsndbox\rtfsprojects\msvc.net\rtfsdemopro\Debug\cl.command.1.tlog
C:\dev\rtfs6svnsndbox\rtfsprojects\msvc.net\rtfsdemopro\Debug\CL.read.1.tlog
C:\dev\rtfs6svnsndbox\rtfsprojects\msvc.net\rtfsdemopro\Debug\CL.write.1.tlog
C:\DEV\RTFS6SVNSNDBOX\RTFSPROJECTS\MSVC.NET\RTFSDEMOPRO\DEBUG\CSASCIIRD.OBJ
C:\DEV\RTFS6SVNSNDBOX\RTFSPROJECTS\MSVC.NET\RTFSDEMOPRO\DEBUG\CSASCIIWR.OBJ
C:\DEV\RTFS6SVNSNDBOX\RTFSPROJECTS\MSVC.NET\RTFSDEMOPRO\DEBUG\CSCOMMON.OBJ
C:\DEV\RTFS6SVNSNDBOX\RTFSPROJECTS\MSVC.NET\RTFSDEMOPRO\DEBUG\CSJISRD.OBJ
C:\DEV\RTFS6SVNSNDBOX\RTFSPROJECTS\MSVC.NET\RTFSDEMOPRO\DEBUG\CSJISTAB.OBJ
C:\DEV\RTFS6SVNSNDBOX\RTFSPROJECTS\MSVC.NET\RTFSDEMOPRO\DEBUG\CSJISWR.OBJ
C:\DEV\RTFS6SVNSNDBOX\RTFSPROJECTS\MSVC.NET\RTFSDEMOPRO\DEBUG\CSSTRTAB.OBJ
C:\DEV\RTFS6SVNSNDBOX\RTFSPROJECTS\MSVC.NET\RTFSDEMOPRO\DEBUG\CSUNICODRD.OBJ
C:\DEV\RTFS6SVNSNDBOX\RTFSPROJECTS\MSVC.NET\RTFSDEMOPRO\DEBUG\CSUNICODWR.OBJ
C:\DEV\RTFS6SVNSNDBOX\RTFSPROJECTS\MSVC.NET\RTFSDEMOPRO\DEBUG\DRDYNAMIC.OBJ
C:\DEV\RTFS6SVNSNDBOX\RTFSPROJECTS\MSVC.NET\RTFSDEMOPRO\DEBUG\DRFLOPPY.OBJ
C:\DEV\RTFS6SVNSNDBOX\RTFSPROJECTS\MSVC.NET\RTFSDEMOPRO\DEBUG\DRFLSFTL.OBJ
C:\DEV\RTFS6SVNSNDBOX\RTFSPROJECTS\MSVC.NET\RTFSDEMOPRO\DEBUG\DRFLSMTD.OBJ
C:\DEV\RTFS6SVNSNDBOX\RTFSPROJECTS\MSVC.NET\RTFSDEMOPRO\DEBUG\DRHOSTDSK.OBJ
C:\DEV\RTFS6SVNSNDBOX\RTFSPROJECTS\MSVC.NET\RTFSDEMOPRO\DEBUG\DRIDEATA.OBJ
C:\DEV\RTFS6SVNSNDBOX\RTFSPROJECTS\MSVC.NET\RTFSDEMOPRO\DEBUG\DRMMCCRD.OBJ
C:\DEV\RTFS6SVNSNDBOX\RTFSPROJECTS\MSVC.NET\RTFSDEMOPRO\DEBUG\DRPCMCIA.OBJ
C:\DEV\RTFS6SVNSNDBOX\RTFSPROJECTS\MSVC.NET\RTFSDEMOPRO\DEBUG\DRPCMCTL.OBJ
C:\DEV\RTFS6SVNSNDBOX\RTFSPROJECTS\MSVC.NET\RTFSDEMOPRO\DEBUG\DRPCMRAM.OBJ
C:\DEV\RTFS6SVNSNDBOX\RTFSPROJECTS\MSVC.NET\RTFSDEMOPRO\DEBUG\DRRAMDSK.OBJ
C:\DEV\RTFS6SVNSNDBOX\RTFSPROJECTS\MSVC.NET\RTFSDEMOPRO\DEBUG\DRROMDSK.OBJ
C:\DEV\RTFS6SVNSNDBOX\RTFSPROJECTS\MSVC.NET\RTFSDEMOPRO\DEBUG\DRWINDEV.OBJ
C:\dev\rtfs6svnsndbox\rtfsprojects\msvc.net\rtfsdemopro\Debug\link.command.1.tlog
C:\dev\rtfs6svnsndbox\rtfsprojects\msvc.net\rtfsdemopro\Debug\link.read.1.tlog
C:\dev\rtfs6svnsndbox\rtfsprojects\msvc.net\rtfsdemopro\Debug\link.write.1.tlog
C:\dev\rtfs6svnsndbox\rtfsprojects\msvc.net\rtfsdemopro\Debug\link-cvtres.read.1.tlog
C:\dev\rtfs6svnsndbox\rtfsprojects\msvc.net\rtfsdemopro\Debug\link-cvtres.write.1.tlog
C:\dev\rtfs6svnsndbox\rtfsprojects\msvc.net\rtfsdemopro\Debug\mt.command.1.tlog
C:\dev\rtfs6svnsndbox\rtfsprojects\msvc.net\rtfsdemopro\Debug\mt.read.1.tlog
C:\dev\rtfs6svnsndbox\rtfsprojects\msvc.net\rtfsdemopro\Debug\mt.write.1.tlog
C:\DEV\RTFS6SVNSNDBOX\RTFSPROJECTS\MSVC.NET\RTFSDEMOPRO\DEBUG\PORTIO.OBJ
C:\DEV\RTFS6SVNSNDBOX\RTFSPROJECTS\MSVC.NET\RTFSDEMOPRO\DEBUG\PORTKERN.OBJ
C:\DEV\RTFS6SVNSNDBOX\RTFSPROJECTS\MSVC.NET\RTFSDEMOPRO\DEBUG\PRBASICEMURD1.OBJ
C:\DEV\RTFS6SVNSNDBOX\RTFSPROJECTS\MSVC.NET\RTFSDEMOPRO\DEBUG\PRBASICEMUWR1.OBJ
C:\dev\rtfs6svnsndbox\rtfsprojects\msvc.net\rtfsdemopro\Debug\rc.command.1.tlog
C:\dev\rtfs6svnsndbox\rtfsprojects\msvc.net\rtfsdemopro\Debug\rc.read.1.tlog
C:\dev\rtfs6svnsndbox\rtfsprojects\msvc.net\rtfsdemopro\Debug\rc.write.1.tlog
C:\DEV\RTFS6SVNSNDBOX\RTFSPROJECTS\MSVC.NET\RTFSDEMOPRO\DEBUG\RTDBLOCKRD.OBJ
C:\DEV\RTFS6SVNSNDBOX\RTFSPROJECTS\MSVC.NET\RTFSDEMOPRO\DEBUG\RTDBLOCKWR.OBJ
C:\DEV\RTFS6SVNSNDBOX\RTFSPROJECTS\MSVC.NET\RTFSDEMOPRO\DEBUG\RTDEVIORD.OBJ
C:\DEV\RTFS6SVNSNDBOX\RTFSPROJECTS\MSVC.NET\RTFSDEMOPRO\DEBUG\RTDEVIOWR.OBJ
C:\DEV\RTFS6SVNSNDBOX\RTFSPROJECTS\MSVC.NET\RTFSDEMOPRO\DEBUG\RTDROBJRD.OBJ
C:\DEV\RTFS6SVNSNDBOX\RTFSPROJECTS\MSVC.NET\RTFSDEMOPRO\DEBUG\RTDROBJWR.OBJ
C:\DEV\RTFS6SVNSNDBOX\RTFSPROJECTS\MSVC.NET\RTFSDEMOPRO\DEBUG\RTERASEBLOCK.OBJ
C:\DEV\RTFS6SVNSNDBOX\RTFSPROJECTS\MSVC.NET\RTFSDEMOPRO\DEBUG\RTFAT32RD.OBJ
C:\DEV\RTFS6SVNSNDBOX\RTFSPROJECTS\MSVC.NET\RTFSDEMOPRO\DEBUG\RTFAT32WR.OBJ
C:\DEV\RTFS6SVNSNDBOX\RTFSPROJECTS\MSVC.NET\RTFSDEMOPRO\DEBUG\RTFATDRVRD.OBJ
C:\DEV\RTFS6SVNSNDBOX\RTFSPROJECTS\MSVC.NET\RTFSDEMOPRO\DEBUG\RTFATDRVWR.OBJ
C:\DEV\RTFS6SVNSNDBOX\RTFSPROJECTS\MSVC.NET\RTFSDEMOPRO\DEBUG\RTFBLOCKRD.OBJ
C:\DEV\RTFS6SVNSNDBOX\RTFSPROJECTS\MSVC.NET\RTFSDEMOPRO\DEBUG\RTFBLOCKWR.OBJ
C:\DEV\RTFS6SVNSNDBOX\RTFSPROJECTS\MSVC.NET\RTFSDEMOPRO\DEBUG\RTFILEBUFFER.OBJ
C:\DEV\RTFS6SVNSNDBOX\RTFSPROJECTS\MSVC.NET\RTFSDEMOPRO\DEBUG\RTFRAGMTRD.OBJ
C:\DEV\RTFS6SVNSNDBOX\RTFSPROJECTS\MSVC.NET\RTFSDEMOPRO\DEBUG\RTFRAGMTWR.OBJ
C:\DEV\RTFS6SVNSNDBOX\RTFSPROJECTS\MSVC.NET\RTFSDEMOPRO\DEBUG\RTFREEMANAGER.OBJ
C:\DEV\RTFS6SVNSNDBOX\RTFSPROJECTS\MSVC.NET\RTFSDEMOPRO\DEBUG\RTFSBASICRD.OBJ
C:\DEV\RTFS6SVNSNDBOX\RTFSPROJECTS\MSVC.NET\RTFSDEMOPRO\DEBUG\RTFSBASICWR.OBJ
C:\DEV\RTFS6SVNSNDBOX\RTFSPROJECTS\MSVC.NET\RTFSDEMOPRO\DEBUG\RTFSCALLBACKS.OBJ
C:\DEV\RTFS6SVNSNDBOX\RTFSPROJECTS\MSVC.NET\RTFSDEMOPRO\DEBUG\RTFSCONFIG.OBJ
C:\DEV\RTFS6SVNSNDBOX\RTFSPROJECTS\MSVC.NET\RTFSDEMOPRO\DEBUG\RTFSDEMO.EXE
C:\DEV\RTFS6SVNSNDBOX\RTFSPROJECTS\MSVC.NET\RTFSDEMOPRO\DEBUG\RTFSDEMO.EXE.INTERMEDIATE.MANIFEST
C:\DEV\RTFS6SVNSNDBOX\RTFSPROJECTS\MSVC.NET\RTFSDEMOPRO\DEBUG\RTFSDEMO.OBJ
C:\DEV\RTFS6SVNSNDBOX\RTFSPROJECTS\MSVC.NET\RTFSDEMOPRO\DEBUG\RTFSDEMO.PDB
C:\dev\rtfs6svnsndbox\rtfsprojects\msvc.net\rtfsdemopro\Debug\rtfsdemo.write.1.tlog
C:\DEV\RTFS6SVNSNDBOX\RTFSPROJECTS\MSVC.NET\RTFSDEMOPRO\DEBUG\RTFSGLUERD.OBJ
C:\DEV\RTFS6SVNSNDBOX\RTFSPROJECTS\MSVC.NET\RTFSDEMOPRO\DEBUG\RTFSGLUEWR.OBJ
C:\DEV\RTFS6SVNSNDBOX\RTFSPROJECTS\MSVC.NET\RTFSDEMOPRO\DEBUG\RTKERNFN.OBJ
C:\DEV\RTFS6SVNSNDBOX\RTFSPROJECTS\MSVC.NET\RTFSDEMOPRO\DEBUG\RTLEAKCHECK.OBJ
C:\DEV\RTFS6SVNSNDBOX\RTFSPROJECTS\MSVC.NET\RTFSDEMOPRO\DEBUG\RTLOWL.OBJ
C:\DEV\RTFS6SVNSNDBOX\RTFSPROJECTS\MSVC.NET\RTFSDEMOPRO\DEBUG\RTNVFATRD.OBJ
C:\DEV\RTFS6SVNSNDBOX\RTFSPROJECTS\MSVC.NET\RTFSDEMOPRO\DEBUG\RTNVFATWR.OBJ
C:\DEV\RTFS6SVNSNDBOX\RTFSPROJECTS\MSVC.NET\RTFSDEMOPRO\DEBUG\RTTERMIN.OBJ
C:\DEV\RTFS6SVNSNDBOX\RTFSPROJECTS\MSVC.NET\RTFSDEMOPRO\DEBUG\RTUTBYTE.OBJ
C:\DEV\RTFS6SVNSNDBOX\RTFSPROJECTS\MSVC.NET\RTFSDEMOPRO\DEBUG\RTUTIL.OBJ
C:\DEV\RTFS6SVNSNDBOX\RTFSPROJECTS\MSVC.NET\RTFSDEMOPRO\DEBUG\RTVFATRD.OBJ
C:\DEV\RTFS6SVNSNDBOX\RTFSPROJECTS\MSVC.NET\RTFSDEMOPRO\DEBUG\RTVFATWR.OBJ
C:\DEV\RTFS6SVNSNDBOX\RTFSPROJECTS\MSVC.NET\RTFSDEMOPRO\DEBUG\RUNRTFSDEMO.OBJ
C:\DEV\RTFS6SVNSNDBOX\RTFSPROJECTS\MSVC.NET\RTFSDEMOPRO\DEBUG\SMARTAPI.OBJ
C:\DEV\RTFS6SVNSNDBOX\RTFSPROJECTS\MSVC.NET\RTFSDEMOPRO\DEBUG\SMARTECC.OBJ
C:\DEV\RTFS6SVNSNDBOX\RTFSPROJECTS\MSVC.NET\RTFSDEMOPRO\DEBUG\SMARTHW.OBJ
C:\DEV\RTFS6SVNSNDBOX\RTFSPROJECTS\MSVC.NET\RTFSDEMOPRO\DEBUG\SMARTMED.OBJ
C:\DEV\RTFS6SVNSNDBOX\RTFSPROJECTS\MSVC.NET\RTFSDEMOPRO\DEBUG\SMTMEDIA.OBJ
C:\DEV\RTFS6SVNSNDBOX\RTFSPROJECTS\MSVC.NET\RTFSDEMOPRO\DEBUG\STDAFX.OBJ
C:\DEV\RTFS6SVNSNDBOX\RTFSPROJECTS\MSVC.NET\RTFSDEMOPRO\DEBUG\V10GLUE.OBJ
C:\dev\rtfs6svnsndbox\rtfsprojects\msvc.net\rtfsdemopro\Debug\vc100.idb
C:\DEV\RTFS6SVNSNDBOX\RTFSPROJECTS\MSVC.NET\RTFSDEMOPRO\DEBUG\VC100.PDB
C:\DEV\RTFS6SVNSNDBOX\RTFSPROJECTS\MSVC.NET\RTFSDEMOPRO\MAPFILE.MAP
C:\PROGRAMDATA\BROWSERPROTECT\2.6.1339.144\{C16C1CCB-7046-4E5C-A2F3-533AD2FEC8E8}\BROWSERPROTECT.SETTINGS
C:\PROGRAMDATA\BROWSERPROTECT\2.6.1339.144\{C16C1CCB-7046-4E5C-A2F3-533AD2FEC8E8}\TRAKING_SETTINGS\00
C:\PROGRAMDATA\BROWSERPROTECT\2.6.1339.144\{C16C1CCB-7046-4E5C-A2F3-533AD2FEC8E8}\TRAKING_SETTINGS\01
C:\PROGRAMDATA\BROWSERPROTECT\2.6.1339.144\{C16C1CCB-7046-4E5C-A2F3-533AD2FEC8E8}\TRAKING_SETTINGS\02
C:\PROGRAMDATA\BROWSERPROTECT\2.6.1339.144\{C16C1CCB-7046-4E5C-A2F3-533AD2FEC8E8}\TRAKING_SETTINGS\03
C:\PROGRAMDATA\BROWSERPROTECT\2.6.1339.144\{C16C1CCB-7046-4E5C-A2F3-533AD2FEC8E8}\TRAKING_SETTINGS\10
C:\PROGRAMDATA\BROWSERPROTECT\2.6.1339.144\{C16C1CCB-7046-4E5C-A2F3-533AD2FEC8E8}\TRAKING_SETTINGS\11
C:\PROGRAMDATA\BROWSERPROTECT\2.6.1339.144\{C16C1CCB-7046-4E5C-A2F3-533AD2FEC8E8}\TRAKING_SETTINGS\12
C:\PROGRAMDATA\BROWSERPROTECT\2.6.1339.144\{C16C1CCB-7046-4E5C-A2F3-533AD2FEC8E8}\TRAKING_SETTINGS\13
C:\PROGRAMDATA\BROWSERPROTECT\2.6.1339.144\{C16C1CCB-7046-4E5C-A2F3-533AD2FEC8E8}\TRAKING_SETTINGS\20
C:\PROGRAMDATA\BROWSERPROTECT\2.6.1339.144\{C16C1CCB-7046-4E5C-A2F3-533AD2FEC8E8}\TRAKING_SETTINGS\21
C:\PROGRAMDATA\BROWSERPROTECT\2.6.1339.144\{C16C1CCB-7046-4E5C-A2F3-533AD2FEC8E8}\TRAKING_SETTINGS\22
C:\PROGRAMDATA\BROWSERPROTECT\2.6.1339.144\{C16C1CCB-7046-4E5C-A2F3-533AD2FEC8E8}\TRAKING_SETTINGS\23
