C:\DEV\RTFS6SVNSNDBOX\RTFSPROJECTS\MSVC.NET\RTFSDEMOPROEXFAT\DEBUG\APICKDSK.OBJ
C:\DEV\RTFS6SVNSNDBOX\RTFSPROJECTS\MSVC.NET\RTFSDEMOPROEXFAT\DEBUG\APIDELTR.OBJ
C:\DEV\RTFS6SVNSNDBOX\RTFSPROJECTS\MSVC.NET\RTFSDEMOPROEXFAT\DEBUG\APIDIRENT.OBJ
C:\DEV\RTFS6SVNSNDBOX\RTFSPROJECTS\MSVC.NET\RTFSDEMOPROEXFAT\DEBUG\APIDISKCLOSE.OBJ
C:\DEV\RTFS6SVNSNDBOX\RTFSPROJECTS\MSVC.NET\RTFSDEMOPROEXFAT\DEBUG\APIDISKFLUSH.OBJ
C:\DEV\RTFS6SVNSNDBOX\RTFSPROJECTS\MSVC.NET\RTFSDEMOPROEXFAT\DEBUG\APIDISKINFORD.OBJ
C:\DEV\RTFS6SVNSNDBOX\RTFSPROJECTS\MSVC.NET\RTFSDEMOPROEXFAT\DEBUG\APIENUM.OBJ
C:\DEV\RTFS6SVNSNDBOX\RTFSPROJECTS\MSVC.NET\RTFSDEMOPROEXFAT\DEBUG\APIFILMV.OBJ
C:\DEV\RTFS6SVNSNDBOX\RTFSPROJECTS\MSVC.NET\RTFSDEMOPROEXFAT\DEBUG\APIFRMAT.OBJ
C:\DEV\RTFS6SVNSNDBOX\RTFSPROJECTS\MSVC.NET\RTFSDEMOPROEXFAT\DEBUG\APIGETWD.OBJ
C:\DEV\RTFS6SVNSNDBOX\RTFSPROJECTS\MSVC.NET\RTFSDEMOPROEXFAT\DEBUG\APIGFRST.OBJ
C:\DEV\RTFS6SVNSNDBOX\RTFSPROJECTS\MSVC.NET\RTFSDEMOPROEXFAT\DEBUG\APIGREAD.OBJ
C:\DEV\RTFS6SVNSNDBOX\RTFSPROJECTS\MSVC.NET\RTFSDEMOPROEXFAT\DEBUG\APIINFO.OBJ
C:\DEV\RTFS6SVNSNDBOX\RTFSPROJECTS\MSVC.NET\RTFSDEMOPROEXFAT\DEBUG\APIINIT.OBJ
C:\DEV\RTFS6SVNSNDBOX\RTFSPROJECTS\MSVC.NET\RTFSDEMOPROEXFAT\DEBUG\APIMKDIR.OBJ
C:\DEV\RTFS6SVNSNDBOX\RTFSPROJECTS\MSVC.NET\RTFSDEMOPROEXFAT\DEBUG\APINANDREGRESS.OBJ
C:\DEV\RTFS6SVNSNDBOX\RTFSPROJECTS\MSVC.NET\RTFSDEMOPROEXFAT\DEBUG\APIPARTITION.OBJ
C:\DEV\RTFS6SVNSNDBOX\RTFSPROJECTS\MSVC.NET\RTFSDEMOPROEXFAT\DEBUG\APIREGRS.OBJ
C:\DEV\RTFS6SVNSNDBOX\RTFSPROJECTS\MSVC.NET\RTFSDEMOPROEXFAT\DEBUG\APISETATTR.OBJ
C:\DEV\RTFS6SVNSNDBOX\RTFSPROJECTS\MSVC.NET\RTFSDEMOPROEXFAT\DEBUG\APISETVOL.OBJ
C:\DEV\RTFS6SVNSNDBOX\RTFSPROJECTS\MSVC.NET\RTFSDEMOPROEXFAT\DEBUG\APISETWD.OBJ
C:\DEV\RTFS6SVNSNDBOX\RTFSPROJECTS\MSVC.NET\RTFSDEMOPROEXFAT\DEBUG\APISTAT.OBJ
C:\DEV\RTFS6SVNSNDBOX\RTFSPROJECTS\MSVC.NET\RTFSDEMOPROEXFAT\DEBUG\APIUNLINK.OBJ
C:\DEV\RTFS6SVNSNDBOX\RTFSPROJECTS\MSVC.NET\RTFSDEMOPROEXFAT\DEBUG\APP.RES
C:\DEV\RTFS6SVNSNDBOX\RTFSPROJECTS\MSVC.NET\RTFSDEMOPROEXFAT\DEBUG\APPCMDFS.OBJ
C:\DEV\RTFS6SVNSNDBOX\RTFSPROJECTS\MSVC.NET\RTFSDEMOPROEXFAT\DEBUG\APPCMDSHFORMAT.OBJ
C:\DEV\RTFS6SVNSNDBOX\RTFSPROJECTS\MSVC.NET\RTFSDEMOPROEXFAT\DEBUG\APPCMDSHRD.OBJ
C:\DEV\RTFS6SVNSNDBOX\RTFSPROJECTS\MSVC.NET\RTFSDEMOPROEXFAT\DEBUG\APPCMDSHWR.OBJ
C:\DEV\RTFS6SVNSNDBOX\RTFSPROJECTS\MSVC.NET\RTFSDEMOPROEXFAT\DEBUG\APPUTIL.OBJ
C:\dev\rtfs6svnsndbox\rtfsprojects\msvc.net\rtfsdemoproexfat\Debug\cl.command.1.tlog
C:\dev\rtfs6svnsndbox\rtfsprojects\msvc.net\rtfsdemoproexfat\Debug\CL.read.1.tlog
C:\dev\rtfs6svnsndbox\rtfsprojects\msvc.net\rtfsdemoproexfat\Debug\CL.write.1.tlog
C:\DEV\RTFS6SVNSNDBOX\RTFSPROJECTS\MSVC.NET\RTFSDEMOPROEXFAT\DEBUG\CSASCIIRD.OBJ
C:\DEV\RTFS6SVNSNDBOX\RTFSPROJECTS\MSVC.NET\RTFSDEMOPROEXFAT\DEBUG\CSASCIIWR.OBJ
C:\DEV\RTFS6SVNSNDBOX\RTFSPROJECTS\MSVC.NET\RTFSDEMOPROEXFAT\DEBUG\CSCOMMON.OBJ
C:\DEV\RTFS6SVNSNDBOX\RTFSPROJECTS\MSVC.NET\RTFSDEMOPROEXFAT\DEBUG\CSJISRD.OBJ
C:\DEV\RTFS6SVNSNDBOX\RTFSPROJECTS\MSVC.NET\RTFSDEMOPROEXFAT\DEBUG\CSJISTAB.OBJ
C:\DEV\RTFS6SVNSNDBOX\RTFSPROJECTS\MSVC.NET\RTFSDEMOPROEXFAT\DEBUG\CSJISWR.OBJ
C:\DEV\RTFS6SVNSNDBOX\RTFSPROJECTS\MSVC.NET\RTFSDEMOPROEXFAT\DEBUG\CSSTRTAB.OBJ
C:\DEV\RTFS6SVNSNDBOX\RTFSPROJECTS\MSVC.NET\RTFSDEMOPROEXFAT\DEBUG\CSUNICODRD.OBJ
C:\DEV\RTFS6SVNSNDBOX\RTFSPROJECTS\MSVC.NET\RTFSDEMOPROEXFAT\DEBUG\CSUNICODWR.OBJ
C:\DEV\RTFS6SVNSNDBOX\RTFSPROJECTS\MSVC.NET\RTFSDEMOPROEXFAT\DEBUG\DRDYNAMIC.OBJ
C:\DEV\RTFS6SVNSNDBOX\RTFSPROJECTS\MSVC.NET\RTFSDEMOPROEXFAT\DEBUG\DRFLOPPY.OBJ
C:\DEV\RTFS6SVNSNDBOX\RTFSPROJECTS\MSVC.NET\RTFSDEMOPROEXFAT\DEBUG\DRFLSFTL.OBJ
C:\DEV\RTFS6SVNSNDBOX\RTFSPROJECTS\MSVC.NET\RTFSDEMOPROEXFAT\DEBUG\DRFLSMTD.OBJ
C:\DEV\RTFS6SVNSNDBOX\RTFSPROJECTS\MSVC.NET\RTFSDEMOPROEXFAT\DEBUG\DRHOSTDSK.OBJ
C:\DEV\RTFS6SVNSNDBOX\RTFSPROJECTS\MSVC.NET\RTFSDEMOPROEXFAT\DEBUG\DRIDEATA.OBJ
C:\DEV\RTFS6SVNSNDBOX\RTFSPROJECTS\MSVC.NET\RTFSDEMOPROEXFAT\DEBUG\DRMMCCRD.OBJ
C:\DEV\RTFS6SVNSNDBOX\RTFSPROJECTS\MSVC.NET\RTFSDEMOPROEXFAT\DEBUG\DRPCMCIA.OBJ
C:\DEV\RTFS6SVNSNDBOX\RTFSPROJECTS\MSVC.NET\RTFSDEMOPROEXFAT\DEBUG\DRPCMCTL.OBJ
C:\DEV\RTFS6SVNSNDBOX\RTFSPROJECTS\MSVC.NET\RTFSDEMOPROEXFAT\DEBUG\DRPCMRAM.OBJ
C:\DEV\RTFS6SVNSNDBOX\RTFSPROJECTS\MSVC.NET\RTFSDEMOPROEXFAT\DEBUG\DRRAMDSK.OBJ
C:\DEV\RTFS6SVNSNDBOX\RTFSPROJECTS\MSVC.NET\RTFSDEMOPROEXFAT\DEBUG\DRROMDSK.OBJ
C:\DEV\RTFS6SVNSNDBOX\RTFSPROJECTS\MSVC.NET\RTFSDEMOPROEXFAT\DEBUG\DRWINDEV.OBJ
C:\DEV\RTFS6SVNSNDBOX\RTFSPROJECTS\MSVC.NET\RTFSDEMOPROEXFAT\DEBUG\EXFATFORMAT.OBJ
C:\dev\rtfs6svnsndbox\rtfsprojects\msvc.net\rtfsdemoproexfat\Debug\link.command.1.tlog
C:\dev\rtfs6svnsndbox\rtfsprojects\msvc.net\rtfsdemoproexfat\Debug\link.read.1.tlog
C:\dev\rtfs6svnsndbox\rtfsprojects\msvc.net\rtfsdemoproexfat\Debug\link.write.1.tlog
C:\dev\rtfs6svnsndbox\rtfsprojects\msvc.net\rtfsdemoproexfat\Debug\link-cvtres.read.1.tlog
C:\dev\rtfs6svnsndbox\rtfsprojects\msvc.net\rtfsdemoproexfat\Debug\link-cvtres.write.1.tlog
C:\dev\rtfs6svnsndbox\rtfsprojects\msvc.net\rtfsdemoproexfat\Debug\mt.command.1.tlog
C:\dev\rtfs6svnsndbox\rtfsprojects\msvc.net\rtfsdemoproexfat\Debug\mt.read.1.tlog
C:\dev\rtfs6svnsndbox\rtfsprojects\msvc.net\rtfsdemoproexfat\Debug\mt.write.1.tlog
C:\DEV\RTFS6SVNSNDBOX\RTFSPROJECTS\MSVC.NET\RTFSDEMOPROEXFAT\DEBUG\PORTIO.OBJ
C:\DEV\RTFS6SVNSNDBOX\RTFSPROJECTS\MSVC.NET\RTFSDEMOPROEXFAT\DEBUG\PORTKERN.OBJ
C:\DEV\RTFS6SVNSNDBOX\RTFSPROJECTS\MSVC.NET\RTFSDEMOPROEXFAT\DEBUG\PRBASICEMURD1.OBJ
C:\DEV\RTFS6SVNSNDBOX\RTFSPROJECTS\MSVC.NET\RTFSDEMOPROEXFAT\DEBUG\PRBASICEMUWR1.OBJ
C:\DEV\RTFS6SVNSNDBOX\RTFSPROJECTS\MSVC.NET\RTFSDEMOPROEXFAT\DEBUG\PRMATH64.OBJ
C:\dev\rtfs6svnsndbox\rtfsprojects\msvc.net\rtfsdemoproexfat\Debug\rc.command.1.tlog
C:\dev\rtfs6svnsndbox\rtfsprojects\msvc.net\rtfsdemoproexfat\Debug\rc.read.1.tlog
C:\dev\rtfs6svnsndbox\rtfsprojects\msvc.net\rtfsdemoproexfat\Debug\rc.write.1.tlog
C:\DEV\RTFS6SVNSNDBOX\RTFSPROJECTS\MSVC.NET\RTFSDEMOPROEXFAT\DEBUG\RTDBLOCKRD.OBJ
C:\DEV\RTFS6SVNSNDBOX\RTFSPROJECTS\MSVC.NET\RTFSDEMOPROEXFAT\DEBUG\RTDBLOCKWR.OBJ
C:\DEV\RTFS6SVNSNDBOX\RTFSPROJECTS\MSVC.NET\RTFSDEMOPROEXFAT\DEBUG\RTDEVIORD.OBJ
C:\DEV\RTFS6SVNSNDBOX\RTFSPROJECTS\MSVC.NET\RTFSDEMOPROEXFAT\DEBUG\RTDEVIOWR.OBJ
C:\DEV\RTFS6SVNSNDBOX\RTFSPROJECTS\MSVC.NET\RTFSDEMOPROEXFAT\DEBUG\RTDROBJRD.OBJ
C:\DEV\RTFS6SVNSNDBOX\RTFSPROJECTS\MSVC.NET\RTFSDEMOPROEXFAT\DEBUG\RTDROBJWR.OBJ
C:\DEV\RTFS6SVNSNDBOX\RTFSPROJECTS\MSVC.NET\RTFSDEMOPROEXFAT\DEBUG\RTERASEBLOCK.OBJ
C:\DEV\RTFS6SVNSNDBOX\RTFSPROJECTS\MSVC.NET\RTFSDEMOPROEXFAT\DEBUG\RTEXFATBAM.OBJ
C:\DEV\RTFS6SVNSNDBOX\RTFSPROJECTS\MSVC.NET\RTFSDEMOPROEXFAT\DEBUG\RTEXFATBOOT.OBJ
C:\DEV\RTFS6SVNSNDBOX\RTFSPROJECTS\MSVC.NET\RTFSDEMOPROEXFAT\DEBUG\RTEXFATDIRSCAN.OBJ
C:\DEV\RTFS6SVNSNDBOX\RTFSPROJECTS\MSVC.NET\RTFSDEMOPROEXFAT\DEBUG\RTEXFATDIRWRITE.OBJ
C:\DEV\RTFS6SVNSNDBOX\RTFSPROJECTS\MSVC.NET\RTFSDEMOPROEXFAT\DEBUG\RTEXFATFILIO.OBJ
C:\DEV\RTFS6SVNSNDBOX\RTFSPROJECTS\MSVC.NET\RTFSDEMOPROEXFAT\DEBUG\RTEXFATPROBE.OBJ
C:\DEV\RTFS6SVNSNDBOX\RTFSPROJECTS\MSVC.NET\RTFSDEMOPROEXFAT\DEBUG\RTEXFATUTIL.OBJ
C:\DEV\RTFS6SVNSNDBOX\RTFSPROJECTS\MSVC.NET\RTFSDEMOPROEXFAT\DEBUG\RTFAT32RD.OBJ
C:\DEV\RTFS6SVNSNDBOX\RTFSPROJECTS\MSVC.NET\RTFSDEMOPROEXFAT\DEBUG\RTFAT32WR.OBJ
C:\DEV\RTFS6SVNSNDBOX\RTFSPROJECTS\MSVC.NET\RTFSDEMOPROEXFAT\DEBUG\RTFATDRVRD.OBJ
C:\DEV\RTFS6SVNSNDBOX\RTFSPROJECTS\MSVC.NET\RTFSDEMOPROEXFAT\DEBUG\RTFATDRVWR.OBJ
C:\DEV\RTFS6SVNSNDBOX\RTFSPROJECTS\MSVC.NET\RTFSDEMOPROEXFAT\DEBUG\RTFBLOCKRD.OBJ
C:\DEV\RTFS6SVNSNDBOX\RTFSPROJECTS\MSVC.NET\RTFSDEMOPROEXFAT\DEBUG\RTFBLOCKWR.OBJ
C:\DEV\RTFS6SVNSNDBOX\RTFSPROJECTS\MSVC.NET\RTFSDEMOPROEXFAT\DEBUG\RTFILEBUFFER.OBJ
C:\DEV\RTFS6SVNSNDBOX\RTFSPROJECTS\MSVC.NET\RTFSDEMOPROEXFAT\DEBUG\RTFRAGMTRD.OBJ
C:\DEV\RTFS6SVNSNDBOX\RTFSPROJECTS\MSVC.NET\RTFSDEMOPROEXFAT\DEBUG\RTFRAGMTWR.OBJ
C:\DEV\RTFS6SVNSNDBOX\RTFSPROJECTS\MSVC.NET\RTFSDEMOPROEXFAT\DEBUG\RTFREEMANAGER.OBJ
C:\DEV\RTFS6SVNSNDBOX\RTFSPROJECTS\MSVC.NET\RTFSDEMOPROEXFAT\DEBUG\RTFSBASICRD.OBJ
C:\DEV\RTFS6SVNSNDBOX\RTFSPROJECTS\MSVC.NET\RTFSDEMOPROEXFAT\DEBUG\RTFSBASICWR.OBJ
C:\DEV\RTFS6SVNSNDBOX\RTFSPROJECTS\MSVC.NET\RTFSDEMOPROEXFAT\DEBUG\RTFSCALLBACKS.OBJ
C:\DEV\RTFS6SVNSNDBOX\RTFSPROJECTS\MSVC.NET\RTFSDEMOPROEXFAT\DEBUG\RTFSCONFIG.OBJ
C:\DEV\RTFS6SVNSNDBOX\RTFSPROJECTS\MSVC.NET\RTFSDEMOPROEXFAT\DEBUG\RTFSDEMO.EXE
C:\dev\rtfs6svnsndbox\rtfsprojects\msvc.net\rtfsdemoproexfat\Debug\rtfsdemo.exe.intermediate.manifest
C:\DEV\RTFS6SVNSNDBOX\RTFSPROJECTS\MSVC.NET\RTFSDEMOPROEXFAT\DEBUG\RTFSDEMO.OBJ
C:\dev\rtfs6svnsndbox\rtfsprojects\msvc.net\rtfsdemoproexfat\Debug\rtfsdemo.pdb
C:\dev\rtfs6svnsndbox\rtfsprojects\msvc.net\rtfsdemoproexfat\Debug\rtfsdemo.vcxprojResolveAssemblyReference.cache
C:\dev\rtfs6svnsndbox\rtfsprojects\msvc.net\rtfsdemoproexfat\Debug\rtfsdemo.write.1.tlog
C:\DEV\RTFS6SVNSNDBOX\RTFSPROJECTS\MSVC.NET\RTFSDEMOPROEXFAT\DEBUG\RTFSGLUERD.OBJ
C:\DEV\RTFS6SVNSNDBOX\RTFSPROJECTS\MSVC.NET\RTFSDEMOPROEXFAT\DEBUG\RTFSGLUEWR.OBJ
C:\DEV\RTFS6SVNSNDBOX\RTFSPROJECTS\MSVC.NET\RTFSDEMOPROEXFAT\DEBUG\RTKERNFN.OBJ
C:\DEV\RTFS6SVNSNDBOX\RTFSPROJECTS\MSVC.NET\RTFSDEMOPROEXFAT\DEBUG\RTLEAKCHECK.OBJ
C:\DEV\RTFS6SVNSNDBOX\RTFSPROJECTS\MSVC.NET\RTFSDEMOPROEXFAT\DEBUG\RTLOWL.OBJ
C:\DEV\RTFS6SVNSNDBOX\RTFSPROJECTS\MSVC.NET\RTFSDEMOPROEXFAT\DEBUG\RTNVFATRD.OBJ
C:\DEV\RTFS6SVNSNDBOX\RTFSPROJECTS\MSVC.NET\RTFSDEMOPROEXFAT\DEBUG\RTNVFATWR.OBJ
C:\DEV\RTFS6SVNSNDBOX\RTFSPROJECTS\MSVC.NET\RTFSDEMOPROEXFAT\DEBUG\RTTERMIN.OBJ
C:\DEV\RTFS6SVNSNDBOX\RTFSPROJECTS\MSVC.NET\RTFSDEMOPROEXFAT\DEBUG\RTUTBYTE.OBJ
C:\DEV\RTFS6SVNSNDBOX\RTFSPROJECTS\MSVC.NET\RTFSDEMOPROEXFAT\DEBUG\RTUTIL.OBJ
C:\DEV\RTFS6SVNSNDBOX\RTFSPROJECTS\MSVC.NET\RTFSDEMOPROEXFAT\DEBUG\RTVFATRD.OBJ
C:\DEV\RTFS6SVNSNDBOX\RTFSPROJECTS\MSVC.NET\RTFSDEMOPROEXFAT\DEBUG\RTVFATWR.OBJ
C:\DEV\RTFS6SVNSNDBOX\RTFSPROJECTS\MSVC.NET\RTFSDEMOPROEXFAT\DEBUG\RUNRTFSDEMO.OBJ
C:\DEV\RTFS6SVNSNDBOX\RTFSPROJECTS\MSVC.NET\RTFSDEMOPROEXFAT\DEBUG\SMARTAPI.OBJ
C:\DEV\RTFS6SVNSNDBOX\RTFSPROJECTS\MSVC.NET\RTFSDEMOPROEXFAT\DEBUG\SMARTECC.OBJ
C:\DEV\RTFS6SVNSNDBOX\RTFSPROJECTS\MSVC.NET\RTFSDEMOPROEXFAT\DEBUG\SMARTHW.OBJ
C:\DEV\RTFS6SVNSNDBOX\RTFSPROJECTS\MSVC.NET\RTFSDEMOPROEXFAT\DEBUG\SMARTMED.OBJ
C:\DEV\RTFS6SVNSNDBOX\RTFSPROJECTS\MSVC.NET\RTFSDEMOPROEXFAT\DEBUG\SMTMEDIA.OBJ
C:\DEV\RTFS6SVNSNDBOX\RTFSPROJECTS\MSVC.NET\RTFSDEMOPROEXFAT\DEBUG\STDAFX.OBJ
C:\DEV\RTFS6SVNSNDBOX\RTFSPROJECTS\MSVC.NET\RTFSDEMOPROEXFAT\DEBUG\UCASETABLE.OBJ
C:\DEV\RTFS6SVNSNDBOX\RTFSPROJECTS\MSVC.NET\RTFSDEMOPROEXFAT\DEBUG\UCASETABLECONST.OBJ
C:\dev\rtfs6svnsndbox\rtfsprojects\msvc.net\rtfsdemoproexfat\Debug\vc100.idb
C:\DEV\RTFS6SVNSNDBOX\RTFSPROJECTS\MSVC.NET\RTFSDEMOPROEXFAT\DEBUG\VC100.PDB
